
> reyzi-frontend@0.1.0 start
> react-scripts start

Browserslist: browsers data (caniuse-lite) is 17 months old. Please run:
  npx update-browserslist-db@latest
  Why you should do it regularly: https://github.com/browserslist/update-db#readme
(node:19466) [DEP_WEBPACK_DEV_SERVER_ON_AFTER_SETUP_MIDDLEWARE] DeprecationWarning: 'onAfterSetupMiddleware' option is deprecated. Please use the 'setupMiddlewares' option.
(Use `node --trace-deprecation ...` to show where the warning was created)
(node:19466) [DEP_WEBPACK_DEV_SERVER_ON_BEFORE_SETUP_MIDDLEWARE] DeprecationWarning: 'onBeforeSetupMiddleware' option is deprecated. Please use the 'setupMiddlewares' option.
Starting the development server...

Compiled with warnings.

[eslint] 
src/pages/Registration.js
  Line 16:31:  Unnecessary escape character: \.  no-useless-escape

Search for the keywords to learn more about each warning.
To ignore, add // eslint-disable-next-line to the line before.

WARNING in [eslint] 
src/pages/Registration.js
  Line 16:31:  Unnecessary escape character: \.  no-useless-escape

webpack compiled with 1 warning
Compiling...
Compiled with warnings.

[eslint] 
src/pages/Registration.js
  Line 16:31:  Unnecessary escape character: \.  no-useless-escape

Search for the keywords to learn more about each warning.
To ignore, add // eslint-disable-next-line to the line before.

WARNING in [eslint] 
src/pages/Registration.js
  Line 16:31:  Unnecessary escape character: \.  no-useless-escape

webpack compiled with 1 warning
Compiling...
Compiled with warnings.

[eslint] 
src/pages/Registration.js
  Line 16:31:  Unnecessary escape character: \.  no-useless-escape

Search for the keywords to learn more about each warning.
To ignore, add // eslint-disable-next-line to the line before.

WARNING in [eslint] 
src/pages/Registration.js
  Line 16:31:  Unnecessary escape character: \.  no-useless-escape

webpack compiled with 1 warning
Compiling...
Compiled with warnings.

[eslint] 
src/pages/Registration.js
  Line 16:31:  Unnecessary escape character: \.  no-useless-escape

Search for the keywords to learn more about each warning.
To ignore, add // eslint-disable-next-line to the line before.

WARNING in [eslint] 
src/pages/Registration.js
  Line 16:31:  Unnecessary escape character: \.  no-useless-escape

webpack compiled with 1 warning
Compiling...
Compiled with warnings.

[eslint] 
src/pages/Registration.js
  Line 16:31:  Unnecessary escape character: \.  no-useless-escape

Search for the keywords to learn more about each warning.
To ignore, add // eslint-disable-next-line to the line before.

WARNING in [eslint] 
src/pages/Registration.js
  Line 16:31:  Unnecessary escape character: \.  no-useless-escape

webpack compiled with 1 warning
Compiling...
Compiled with warnings.

[eslint] 
src/pages/Registration.js
  Line 16:31:  Unnecessary escape character: \.  no-useless-escape

Search for the keywords to learn more about each warning.
To ignore, add // eslint-disable-next-line to the line before.

WARNING in [eslint] 
src/pages/Registration.js
  Line 16:31:  Unnecessary escape character: \.  no-useless-escape

webpack compiled with 1 warning
Compiling...
Compiled with warnings.

[eslint] 
src/App.js
  Line 3:40:  'Navigate' is defined but never used         no-unused-vars
  Line 26:9:  'isAuth' is assigned a value but never used  no-unused-vars

src/pages/Registration.js
  Line 16:31:  Unnecessary escape character: \.  no-useless-escape

Search for the keywords to learn more about each warning.
To ignore, add // eslint-disable-next-line to the line before.

WARNING in [eslint] 
src/App.js
  Line 3:40:  'Navigate' is defined but never used         no-unused-vars
  Line 26:9:  'isAuth' is assigned a value but never used  no-unused-vars

src/pages/Registration.js
  Line 16:31:  Unnecessary escape character: \.  no-useless-escape

webpack compiled with 1 warning
Compiling...
Compiled with warnings.

[eslint] 
src/App.js
  Line 3:40:   'Navigate' is defined but never used         no-unused-vars
  Line 26:9:   'isAuth' is assigned a value but never used  no-unused-vars
  Line 29:10:  'login' is assigned a value but never used   no-unused-vars

src/pages/Registration.js
  Line 16:31:  Unnecessary escape character: \.  no-useless-escape

Search for the keywords to learn more about each warning.
To ignore, add // eslint-disable-next-line to the line before.

WARNING in [eslint] 
src/App.js
  Line 3:40:   'Navigate' is defined but never used         no-unused-vars
  Line 26:9:   'isAuth' is assigned a value but never used  no-unused-vars
  Line 29:10:  'login' is assigned a value but never used   no-unused-vars

src/pages/Registration.js
  Line 16:31:  Unnecessary escape character: \.  no-useless-escape

webpack compiled with 1 warning
Compiling...
Compiled with warnings.

[eslint] 
src/App.js
  Line 3:40:   'Navigate' is defined but never used         no-unused-vars
  Line 26:9:   'isAuth' is assigned a value but never used  no-unused-vars
  Line 29:10:  'login' is assigned a value but never used   no-unused-vars

src/pages/Registration.js
  Line 16:31:  Unnecessary escape character: \.  no-useless-escape

Search for the keywords to learn more about each warning.
To ignore, add // eslint-disable-next-line to the line before.

WARNING in [eslint] 
src/App.js
  Line 3:40:   'Navigate' is defined but never used         no-unused-vars
  Line 26:9:   'isAuth' is assigned a value but never used  no-unused-vars
  Line 29:10:  'login' is assigned a value but never used   no-unused-vars

src/pages/Registration.js
  Line 16:31:  Unnecessary escape character: \.  no-useless-escape

webpack compiled with 1 warning
